<?xml version="1.0" encoding="UTF-8"?>
<!-- Generated by org.testng.reporters.JUnitXMLReporter -->
<testsuite ignored="0" hostname="admin" failures="0" tests="6" name="Test" time="25.606" errors="0" timestamp="2024-03-07T11:31:01 IST">
  <testcase classname="basicTestNG.Execution2" name="skillraryTest" time="4.838"/>
  <testcase classname="basicTestNG.Execution2" name="vTigerTest" time="1.746"/>
  <testcase classname="basicTestNG.Parallel_Execution" name="ajioTest" time="4.168"/>
  <testcase classname="basicTestNG.Parallel_Execution" name="myntraTest" time="7.167"/>
  <testcase classname="basicTestNG.Parallel_Execution" name="swiggyTest" time="1.829"/>
  <testcase classname="basicTestNG.Parallel_Execution" name="zomatoTest" time="5.811"/>
</testsuite> <!-- Test -->
