<?xml version="1.0" encoding="UTF-8"?>
<testng-results ignored="0" total="1" passed="1" failed="0" skipped="0">
  <reporter-output>
  </reporter-output>
  <suite started-at="2024-03-07T11:56:13 IST" name="Default suite" finished-at="2024-03-07T11:56:35 IST" duration-ms="21440">
    <groups>
    </groups>
    <test started-at="2024-03-07T11:56:13 IST" name="Default test" finished-at="2024-03-07T11:56:35 IST" duration-ms="21440">
      <class name="basicTestNG.vtiger">
        <test-method signature="vTigerCRM()[pri:0, instance:basicTestNG.vtiger@62230c58]" started-at="2024-03-07T11:56:13 IST" name="vTigerCRM" finished-at="2024-03-07T11:56:35 IST" duration-ms="21414" status="PASS">
          <reporter-output>
          </reporter-output>
        </test-method> <!-- vTigerCRM -->
      </class> <!-- basicTestNG.vtiger -->
    </test> <!-- Default test -->
  </suite> <!-- Default suite -->
</testng-results>
